  App.cpp
App.obj : error LNK2019: unresolved external symbol "public: __thiscall sf::Time::Time(void)" (??0Time@sf@@QAE@XZ) referenced in function "public: __thiscall App::App(char const *,int,int,int)" (??0App@@QAE@PBDHHH@Z)
App.obj : error LNK2019: unresolved external symbol "public: __thiscall sf::Clock::Clock(void)" (??0Clock@sf@@QAE@XZ) referenced in function "public: __thiscall App::App(char const *,int,int,int)" (??0App@@QAE@PBDHHH@Z)
App.obj : error LNK2019: unresolved external symbol "public: __thiscall sf::String::String(char const *,class std::locale const &)" (??0String@sf@@QAE@PBDABVlocale@std@@@Z) referenced in function "public: __thiscall App::App(char const *,int,int,int)" (??0App@@QAE@PBDHHH@Z)
App.obj : error LNK2019: unresolved external symbol "public: __thiscall sf::VideoMode::VideoMode(unsigned int,unsigned int,unsigned int)" (??0VideoMode@sf@@QAE@III@Z) referenced in function "public: __thiscall App::App(char const *,int,int,int)" (??0App@@QAE@PBDHHH@Z)
App.obj : error LNK2019: unresolved external symbol "public: void __thiscall sf::Window::create(class sf::VideoMode,class sf::String const &,unsigned int,struct sf::ContextSettings const &)" (?create@Window@sf@@QAEXVVideoMode@2@ABVString@2@IABUContextSettings@2@@Z) referenced in function "public: __thiscall App::App(char const *,int,int,int)" (??0App@@QAE@PBDHHH@Z)
App.obj : error LNK2019: unresolved external symbol "public: bool __thiscall sf::Window::isOpen(void)const " (?isOpen@Window@sf@@QBE_NXZ) referenced in function "public: void __thiscall App::Run(void)" (?Run@App@@QAEXXZ)
App.obj : error LNK2019: unresolved external symbol "public: bool __thiscall sf::Window::pollEvent(class sf::Event &)" (?pollEvent@Window@sf@@QAE_NAAVEvent@2@@Z) referenced in function "public: void __thiscall App::Run(void)" (?Run@App@@QAEXXZ)
App.obj : error LNK2019: unresolved external symbol "public: void __thiscall sf::Window::setFramerateLimit(unsigned int)" (?setFramerateLimit@Window@sf@@QAEXI@Z) referenced in function "public: __thiscall App::App(char const *,int,int,int)" (??0App@@QAE@PBDHHH@Z)
App.obj : error LNK2019: unresolved external symbol "public: virtual __thiscall sf::Shape::~Shape(void)" (??1Shape@sf@@UAE@XZ) referenced in function "public: virtual __thiscall sf::CircleShape::~CircleShape(void)" (??1CircleShape@sf@@UAE@XZ)
App.obj : error LNK2019: unresolved external symbol "public: __thiscall sf::CircleShape::CircleShape(float,unsigned int)" (??0CircleShape@sf@@QAE@MI@Z) referenced in function "public: __thiscall App::App(char const *,int,int,int)" (??0App@@QAE@PBDHHH@Z)
App.obj : error LNK2019: unresolved external symbol "public: __thiscall sf::RectangleShape::RectangleShape(class sf::Vector2<float> const &)" (??0RectangleShape@sf@@QAE@ABV?$Vector2@M@1@@Z) referenced in function "public: __thiscall App::App(char const *,int,int,int)" (??0App@@QAE@PBDHHH@Z)
App.obj : error LNK2019: unresolved external symbol "public: __thiscall sf::View::View(void)" (??0View@sf@@QAE@XZ) referenced in function "public: __thiscall App::App(char const *,int,int,int)" (??0App@@QAE@PBDHHH@Z)
App.obj : error LNK2019: unresolved external symbol "public: class sf::View const & __thiscall sf::RenderTarget::getDefaultView(void)const " (?getDefaultView@RenderTarget@sf@@QBEABVView@2@XZ) referenced in function "public: __thiscall App::App(char const *,int,int,int)" (??0App@@QAE@PBDHHH@Z)
App.obj : error LNK2019: unresolved external symbol "public: __thiscall sf::RenderWindow::RenderWindow(void)" (??0RenderWindow@sf@@QAE@XZ) referenced in function "public: __thiscall App::App(char const *,int,int,int)" (??0App@@QAE@PBDHHH@Z)
App.obj : error LNK2019: unresolved external symbol "public: virtual __thiscall sf::RenderWindow::~RenderWindow(void)" (??1RenderWindow@sf@@UAE@XZ) referenced in function __unwindfunclet$??0App@@QAE@PBDHHH@Z$0
C:\Users\csheppardmorris\Documents\SFML-2.5.1\lib\sfml-system-s-d.lib : warning LNK4272: library machine type 'x64' conflicts with target machine type 'x86'
C:\Users\csheppardmorris\Documents\SFML-2.5.1\lib\sfml-window-s-d.lib : warning LNK4272: library machine type 'x64' conflicts with target machine type 'x86'
C:\Users\csheppardmorris\Documents\SFML-2.5.1\lib\sfml-graphics-s-d.lib : warning LNK4272: library machine type 'x64' conflicts with target machine type 'x86'
C:\Users\csheppardmorris\Documents\SFML-2.5.1\lib\freetype.lib : warning LNK4272: library machine type 'x64' conflicts with target machine type 'x86'
C:\Users\csheppardmorris\source\repos\Breakout 2\Debug\Breakout 2.exe : fatal error LNK1120: 15 unresolved externals
